<?xml version="1.0" encoding="UTF-8"?>
<!-- Generated by org.testng.reporters.JUnitReportReporter -->
<testsuite hostname="DESKTOP-B6NQH76" name="com.nopcommerce.Desktop_01_Sort" tests="4" failures="0" timestamp="18 Nov 2020 12:20:15 GMT" time="5.579" errors="0">
  <testcase name="TC_02_Sort_Price" time="2.350" classname="com.nopcommerce.Desktop_01_Sort"/>
  <testcase name="TC_03_Sort_Position" time="0.001" classname="com.nopcommerce.Desktop_01_Sort"/>
  <testcase name="TC_01_Sort_Name" time="3.227" classname="com.nopcommerce.Desktop_01_Sort"/>
  <testcase name="TC_04_Sort_CreatedOn" time="0.001" classname="com.nopcommerce.Desktop_01_Sort"/>
</testsuite> <!-- com.nopcommerce.Desktop_01_Sort -->
