<?xml version="1.0" encoding="UTF-8"?>
<!-- Generated by org.testng.reporters.JUnitReportReporter -->
<testsuite hostname="DESKTOP-B6NQH76" name="com.nopcommerce.Register_01_DataTest_In_External_Json_File" tests="1" failures="0" timestamp="18 Nov 2020 10:06:39 GMT" time="3.418" errors="0">
  <testcase name="TC_01_Register_Success" time="3.418" classname="com.nopcommerce.Register_01_DataTest_In_External_Json_File"/>
</testsuite> <!-- com.nopcommerce.Register_01_DataTest_In_External_Json_File -->
